81
423567801
561084237
087231456
748650312
315742680
602813745
850426173
176308524
234175068

         11218 function calls (11207 primitive calls) in 0.003 seconds

   Ordered by: internal time

   ncalls  tottime  percall  cumtime  percall filename:lineno(function)
     1225    0.001    0.000    0.002    0.000 23-sudoku.py:62(get_related_empty)
     3564    0.000    0.000    0.000    0.000 23-sudoku.py:64(<lambda>)
     3696    0.000    0.000    0.001    0.000 23-sudoku.py:69(_get_related)
       81    0.000    0.000    0.002    0.000 23-sudoku.py:34(set)
     1320    0.000    0.000    0.000    0.000 23-sudoku.py:76(get_box)
        1    0.000    0.000    0.002    0.002 23-sudoku.py:84(set_determined)
        1    0.000    0.000    0.001    0.001 23-sudoku.py:13(__init__)
        7    0.000    0.000    0.000    0.000 {built-in method builtins.__build_class__}
      584    0.000    0.000    0.000    0.000 {method 'remove' of 'set' objects}
        1    0.000    0.000    0.000    0.000 {built-in method marshal.loads}
        1    0.000    0.000    0.003    0.003 23-sudoku.py:153(solve)
        1    0.000    0.000    0.003    0.003 23-sudoku.py:1(<module>)
        1    0.000    0.000    0.000    0.000 23-sudoku.py:140(format)
        1    0.000    0.000    0.000    0.000 <frozen importlib._bootstrap>:1167(_find_and_load)
     18/9    0.000    0.000    0.000    0.000 {method 'join' of 'str' objects}
        1    0.000    0.000    0.000    0.000 <frozen importlib._bootstrap_external>:1007(get_code)
        1    0.000    0.000    0.000    0.000 <frozen importlib._bootstrap>:1056(_find_spec)
       81    0.000    0.000    0.000    0.000 23-sudoku.py:134(<lambda>)
        1    0.000    0.000    0.000    0.000 {built-in method io.open_code}
        1    0.000    0.000    0.000    0.000 <frozen importlib._bootstrap_external>:1604(find_spec)
        3    0.000    0.000    0.000    0.000 {built-in method posix.stat}
        1    0.000    0.000    0.000    0.000 <frozen importlib._bootstrap_external>:1464(_get_spec)
        1    0.000    0.000    0.000    0.000 <frozen importlib._bootstrap>:1122(_find_and_load_unlocked)
       82    0.000    0.000    0.000    0.000 23-sudoku.py:18(<genexpr>)
       81    0.000    0.000    0.000    0.000 {method 'clear' of 'set' objects}
        1    0.000    0.000    0.000    0.000 <frozen importlib._bootstrap_external>:934(exec_module)
      125    0.000    0.000    0.000    0.000 {built-in method builtins.len}
        2    0.000    0.000    0.000    0.000 <frozen importlib._bootstrap_external>:437(cache_from_source)
        1    0.000    0.000    0.000    0.000 david.py:1(<module>)
        1    0.000    0.000    0.000    0.000 <frozen importlib._bootstrap>:566(module_from_spec)
        1    0.000    0.000    0.000    0.000 <frozen importlib._bootstrap>:666(_load_unlocked)
        1    0.000    0.000    0.000    0.000 <frozen importlib._bootstrap_external>:567(_get_cached)
        1    0.000    0.000    0.000    0.000 <frozen importlib._bootstrap_external>:1599(_get_spec)
        1    0.000    0.000    0.000    0.000 <frozen importlib._bootstrap>:169(__enter__)
      2/1    0.000    0.000    0.002    0.002 23-sudoku.py:106(solve)
        1    0.000    0.000    0.000    0.000 <frozen importlib._bootstrap>:179(_get_module_lock)
      2/1    0.000    0.000    0.003    0.003 {built-in method builtins.exec}
        1    0.000    0.000    0.000    0.000 {method 'read' of '_io.BufferedReader' objects}
        1    0.000    0.000    0.000    0.000 david.py:1(ListNode)
        6    0.000    0.000    0.000    0.000 <frozen importlib._bootstrap_external>:126(_path_join)
        1    0.000    0.000    0.000    0.000 <frozen importlib._bootstrap>:493(_init_module_attrs)
       50    0.000    0.000    0.000    0.000 {method 'add' of 'set' objects}
        1    0.000    0.000    0.000    0.000 <frozen importlib._bootstrap_external>:1127(get_data)
        7    0.000    0.000    0.000    0.000 {built-in method builtins.getattr}
        6    0.000    0.000    0.000    0.000 <frozen importlib._bootstrap_external>:128(<listcomp>)
       50    0.000    0.000    0.000    0.000 {method 'append' of 'list' objects}
        1    0.000    0.000    0.000    0.000 <frozen importlib._bootstrap_external>:778(spec_from_file_location)
        1    0.000    0.000    0.000    0.000 23-sudoku.py:16(<listcomp>)
       51    0.000    0.000    0.000    0.000 {method 'pop' of 'list' objects}
       10    0.000    0.000    0.000    0.000 23-sudoku.py:135(<genexpr>)
        1    0.000    0.000    0.000    0.000 __init__.py:89(find_spec)
        1    0.000    0.000    0.000    0.000 <frozen importlib._bootstrap_external>:727(_compile_bytecode)
        1    0.000    0.000    0.000    0.000 <frozen importlib._bootstrap>:100(acquire)
        2    0.000    0.000    0.000    0.000 <frozen importlib._bootstrap_external>:132(_path_split)
        1    0.000    0.000    0.000    0.000 <frozen importlib._bootstrap_external>:1496(find_spec)
        1    0.000    0.000    0.000    0.000 {built-in method posix.getcwd}
        1    0.000    0.000    0.000    0.000 <frozen importlib._bootstrap_external>:642(_classify_pyc)
        1    0.000    0.000    0.000    0.000 {method '__exit__' of '_io._IOBase' objects}
        1    0.000    0.000    0.000    0.000 {built-in method builtins.print}
        1    0.000    0.000    0.000    0.000 <frozen importlib._bootstrap>:173(__exit__)
        1    0.000    0.000    0.000    0.000 <frozen importlib._bootstrap>:125(release)
        3    0.000    0.000    0.000    0.000 <frozen importlib._bootstrap_external>:84(_unpack_uint32)
        2    0.000    0.000    0.000    0.000 <frozen importlib._bootstrap>:392(cached)
        2    0.000    0.000    0.000    0.000 {built-in method builtins.max}
        7    0.000    0.000    0.000    0.000 <frozen importlib._bootstrap>:244(_verbose_message)
        1    0.000    0.000    0.000    0.000 23-sudoku.py:133(show)
        1    0.000    0.000    0.000    0.000 <frozen importlib._bootstrap>:71(__init__)
        1    0.000    0.000    0.000    0.000 david.py:54(TreeNode)
        1    0.000    0.000    0.000    0.000 23-sudoku.py:20(<listcomp>)
        1    0.000    0.000    0.000    0.000 <frozen importlib._bootstrap_external>:1421(_path_importer_cache)
        4    0.000    0.000    0.000    0.000 <frozen importlib._bootstrap_external>:134(<genexpr>)
        2    0.000    0.000    0.000    0.000 <frozen importlib._bootstrap>:233(_call_with_frames_removed)
        1    0.000    0.000    0.000    0.000 23-sudoku.py:12(Board)
        3    0.000    0.000    0.000    0.000 <frozen importlib._bootstrap_external>:140(_path_stat)
        1    0.000    0.000    0.000    0.000 <frozen importlib._bootstrap_external>:599(_check_name_wrapper)
        1    0.000    0.000    0.000    0.000 <frozen importlib._bootstrap>:198(cb)
        4    0.000    0.000    0.000    0.000 <frozen importlib._bootstrap>:1032(__exit__)
        1    0.000    0.000    0.000    0.000 <frozen importlib._bootstrap_external>:159(_path_isfile)
        1    0.000    0.000    0.000    0.000 <frozen importlib._bootstrap>:1209(_handle_fromlist)
        5    0.000    0.000    0.000    0.000 {method 'rpartition' of 'str' objects}
       14    0.000    0.000    0.000    0.000 {method 'rstrip' of 'str' objects}
        1    0.000    0.000    0.000    0.000 <frozen importlib._bootstrap_external>:675(_validate_timestamp_pyc)
        1    0.000    0.000    0.000    0.000 {built-in method _imp.is_builtin}
        1    0.000    0.000    0.000    0.000 <frozen importlib._bootstrap>:922(find_spec)
        1    0.000    0.000    0.000    0.000 <frozen importlib._bootstrap>:748(find_spec)
        1    0.000    0.000    0.000    0.000 {method 'format' of 'str' objects}
        4    0.000    0.000    0.000    0.000 <frozen importlib._bootstrap>:1028(__enter__)
        6    0.000    0.000    0.000    0.000 {built-in method _imp.acquire_lock}
        1    0.000    0.000    0.000    0.000 <frozen importlib._bootstrap_external>:180(_path_isabs)
        1    0.000    0.000    0.000    0.000 <frozen importlib._bootstrap>:48(_new_module)
        1    0.000    0.000    0.000    0.000 <frozen importlib._bootstrap_external>:150(_path_is_mode_type)
        6    0.000    0.000    0.000    0.000 {built-in method _imp.release_lock}
        4    0.000    0.000    0.000    0.000 {built-in method builtins.hasattr}
        1    0.000    0.000    0.000    0.000 <frozen importlib._bootstrap_external>:1146(path_stats)
        4    0.000    0.000    0.000    0.000 {built-in method builtins.isinstance}
        1    0.000    0.000    0.000    0.000 <frozen importlib._bootstrap>:357(__init__)
        1    0.000    0.000    0.000    0.000 {built-in method builtins.locals}
        1    0.000    0.000    0.000    0.000 {built-in method _imp.find_frozen}
        3    0.000    0.000    0.000    0.000 {method 'get' of 'dict' objects}
        1    0.000    0.000    0.000    0.000 <frozen importlib._bootstrap_external>:1097(__init__)
        3    0.000    0.000    0.000    0.000 {built-in method from_bytes}
        1    0.000    0.000    0.000    0.000 <frozen importlib._bootstrap>:405(parent)
        2    0.000    0.000    0.000    0.000 {built-in method _thread.allocate_lock}
        2    0.000    0.000    0.000    0.000 {method 'rfind' of 'str' objects}
        2    0.000    0.000    0.000    0.000 {method '__exit__' of '_thread.lock' objects}
        2    0.000    0.000    0.000    0.000 {built-in method _thread.get_ident}
        3    0.000    0.000    0.000    0.000 {built-in method posix.fspath}
        1    0.000    0.000    0.000    0.000 david.py:99(Node)
        1    0.000    0.000    0.000    0.000 {method 'startswith' of 'str' objects}
        1    0.000    0.000    0.000    0.000 <frozen importlib._bootstrap>:165(__init__)
        1    0.000    0.000    0.000    0.000 23-sudoku.py:173(Solution)
        1    0.000    0.000    0.000    0.000 {method 'endswith' of 'str' objects}
        1    0.000    0.000    0.000    0.000 {method 'pop' of 'dict' objects}
        1    0.000    0.000    0.000    0.000 {method 'disable' of '_lsprof.Profiler' objects}
        1    0.000    0.000    0.000    0.000 {built-in method _imp._fix_co_filename}
        1    0.000    0.000    0.000    0.000 23-sudoku.py:170(SolvedException)
        1    0.000    0.000    0.000    0.000 david.py:135(InfiniteRecursionException)
        1    0.000    0.000    0.000    0.000 <frozen importlib._bootstrap>:413(has_location)
        1    0.000    0.000    0.000    0.000 <frozen importlib._bootstrap_external>:1122(get_filename)
        1    0.000    0.000    0.000    0.000 <frozen importlib._bootstrap_external>:71(_relax_case)
        1    0.000    0.000    0.000    0.000 __init__.py:96(<lambda>)
        1    0.000    0.000    0.000    0.000 <frozen importlib._bootstrap_external>:931(create_module)


